#
# There is insufficient memory for the Java Runtime Environment to continue.
# Native memory allocation (mmap) failed to map 100663296 bytes for Failed to commit area from 0x00000000a1c00000 to 0x00000000a7c00000 of length 100663296.
# Possible reasons:
#   The system is out of physical RAM or swap space
#   The process is running with CompressedOops enabled, and the Java Heap may be blocking the growth of the native heap
# Possible solutions:
#   Reduce memory load on the system
#   Increase physical memory or swap space
#   Check if swap backing store is full
#   Decrease Java heap size (-Xmx/-Xms)
#   Decrease number of Java threads
#   Decrease Java thread stack sizes (-Xss)
#   Set larger code cache with -XX:ReservedCodeCacheSize=
# This output file may be truncated or incomplete.
#
#  Out of Memory Error (./open/src/hotspot/os/windows/os_windows.cpp:3283), pid=32268, tid=33104
#
# JRE version:  (11.0.17+10) (build )
# Java VM: Java HotSpot(TM) 64-Bit Server VM (11.0.17+10-LTS-269, mixed mode, sharing, tiered, compressed oops, g1 gc, windows-amd64)
# No core dump will be written. Minidumps are not enabled by default on client versions of Windows
#

---------------  S U M M A R Y ------------

Command Line: -Dfile.encoding=UTF-8 --module-path=C:\Users\BHUPENDRA SINGH\Documents\NetBeansProjects\ChattingApplication\build\classes chattingapplication.Server

Host: AMD Ryzen 5 3450U with Radeon Vega Mobile Gfx  , 8 cores, 5G,  Windows 11 , 64 bit Build 22621 (10.0.22621.1485)
Time: Wed Apr 12 16:13:26 2023 India Standard Time elapsed time: 0.037184 seconds (0d 0h 0m 0s)

---------------  T H R E A D  ---------------

Current thread (0x0000019c8a344000):  JavaThread "Unknown thread" [_thread_in_vm, id=33104, stack(0x000000777ef00000,0x000000777f000000)]

Stack: [0x000000777ef00000,0x000000777f000000]
Native frames: (J=compiled Java code, j=interpreted, Vv=VM code, C=native code)
V  [jvm.dll+0x62b5da]
V  [jvm.dll+0x7653df]
V  [jvm.dll+0x766a89]
V  [jvm.dll+0x767113]
V  [jvm.dll+0x23dd28]
V  [jvm.dll+0x62896a]
V  [jvm.dll+0x61d625]
V  [jvm.dll+0x2f2d3c]
V  [jvm.dll+0x2f2bc2]
V  [jvm.dll+0x2f78e6]
V  [jvm.dll+0x33a2df]
V  [jvm.dll+0x339d10]
V  [jvm.dll+0x2d0368]
V  [jvm.dll+0x2d14d6]
V  [jvm.dll+0x73f9a7]
V  [jvm.dll+0x74123f]
V  [jvm.dll+0x347039]
V  [jvm.dll+0x725280]
V  [jvm.dll+0x3b5c1f]
V  [jvm.dll+0x3b7d31]
C  [jli.dll+0x5207]
C  [ucrtbase.dll+0x29363]
C  [KERNEL32.DLL+0x1269d]
C  [ntdll.dll+0x5a9f8]


---------------  P R O C E S S  ---------------

Threads class SMR info:
_java_thread_list=0x0000019c881d7dc0, length=0, elements={
}

Java Threads: ( => current thread )

Other Threads:
  0x0000019c8a359000 GCTaskThread "GC Thread#0" [stack: 0x000000777f000000,0x000000777f100000] [id=33108]
  0x0000019c8a37e800 ConcurrentGCThread "G1 Main Marker" [stack: 0x000000777f100000,0x000000777f200000] [id=32704]
  0x0000019c8a380800 ConcurrentGCThread "G1 Conc#0" [stack: 0x000000777f200000,0x000000777f300000] [id=28412]

[error occurred during error reporting (printing all threads), id 0xc0000005, EXCEPTION_ACCESS_VIOLATION (0xc0000005) at pc=0x00007ffb3ce0f5f7]

VM state:not at safepoint (not fully initialized)

VM Mutex/Monitor currently owned by a thread:  ([mutex/lock_event])
[0x0000019c8a33f900] Heap_lock - owner thread: 0x0000019c8a344000

Heap address: 0x00000000a1c00000, size: 1508 MB, Compressed Oops mode: Non-zero based: 0x00000000a1c00000
Narrow klass base: 0x0000000000000000, Narrow klass shift: 0

GC Heap History (0 events):
No events

Deoptimization events (0 events):
No events

Classes redefined (0 events):
No events

Internal exceptions (0 events):
No events

Events (0 events):
No events


Dynamic libraries:
0x00007ff680700000 - 0x00007ff68070f000 	C:\Program Files\Java\jdk-11.0.17\bin\java.exe
0x00007ffb913f0000 - 0x00007ffb91604000 	C:\WINDOWS\SYSTEM32\ntdll.dll
0x00007ffb90100000 - 0x00007ffb901c2000 	C:\WINDOWS\System32\KERNEL32.DLL
0x00007ffb8ebb0000 - 0x00007ffb8ef4c000 	C:\WINDOWS\System32\KERNELBASE.dll
0x00007ffb8ea60000 - 0x00007ffb8eb71000 	C:\WINDOWS\System32\ucrtbase.dll
0x00007ffb80220000 - 0x00007ffb80235000 	C:\Program Files\Java\jdk-11.0.17\bin\VCRUNTIME140.dll
0x00007ffb51bd0000 - 0x00007ffb51be8000 	C:\Program Files\Java\jdk-11.0.17\bin\jli.dll
0x00007ffb8f580000 - 0x00007ffb8f62e000 	C:\WINDOWS\System32\ADVAPI32.dll
0x00007ffb91230000 - 0x00007ffb912d7000 	C:\WINDOWS\System32\msvcrt.dll
0x00007ffb90a60000 - 0x00007ffb90b04000 	C:\WINDOWS\System32\sechost.dll
0x00007ffb90370000 - 0x00007ffb90485000 	C:\WINDOWS\System32\RPCRT4.dll
0x00007ffb90820000 - 0x00007ffb909cb000 	C:\WINDOWS\System32\USER32.dll
0x00007ffb8eb80000 - 0x00007ffb8eba6000 	C:\WINDOWS\System32\win32u.dll
0x00007ffb8f630000 - 0x00007ffb8f659000 	C:\WINDOWS\System32\GDI32.dll
0x00007ffb8e8a0000 - 0x00007ffb8e9b3000 	C:\WINDOWS\System32\gdi32full.dll
0x00007ffb8e9c0000 - 0x00007ffb8ea5a000 	C:\WINDOWS\System32\msvcp_win.dll
0x00007ffb78b80000 - 0x00007ffb78e0e000 	C:\WINDOWS\WinSxS\amd64_microsoft.windows.common-controls_6595b64144ccf1df_6.0.22621.608_none_a9444ca7c10bb01d\COMCTL32.dll
0x00007ffb86f90000 - 0x00007ffb86f9a000 	C:\WINDOWS\SYSTEM32\VERSION.dll
0x00007ffb91370000 - 0x00007ffb913a1000 	C:\WINDOWS\System32\IMM32.DLL
0x00007ffb5b4f0000 - 0x00007ffb5b58b000 	C:\Program Files\Java\jdk-11.0.17\bin\msvcp140.dll
0x00007ffb3cb30000 - 0x00007ffb3d64a000 	C:\Program Files\Java\jdk-11.0.17\bin\server\jvm.dll
0x00007ffb91340000 - 0x00007ffb91348000 	C:\WINDOWS\System32\PSAPI.DLL
0x00007ffb85aa0000 - 0x00007ffb85aa9000 	C:\WINDOWS\SYSTEM32\WSOCK32.dll
0x00007ffb89570000 - 0x00007ffb895a4000 	C:\WINDOWS\SYSTEM32\WINMM.dll
0x00007ffb90050000 - 0x00007ffb900c1000 	C:\WINDOWS\System32\WS2_32.dll
0x00007ffb8d860000 - 0x00007ffb8d878000 	C:\WINDOWS\SYSTEM32\kernel.appcore.dll
0x00007ffb85a60000 - 0x00007ffb85a70000 	C:\Program Files\Java\jdk-11.0.17\bin\verify.dll
0x00007ffb87d30000 - 0x00007ffb87f5e000 	C:\WINDOWS\SYSTEM32\DBGHELP.DLL
0x00007ffb90490000 - 0x00007ffb90819000 	C:\WINDOWS\System32\combase.dll
0x00007ffb8f200000 - 0x00007ffb8f2d7000 	C:\WINDOWS\System32\OLEAUT32.dll
0x00007ffb86fe0000 - 0x00007ffb87012000 	C:\WINDOWS\SYSTEM32\dbgcore.DLL
0x00007ffb8f180000 - 0x00007ffb8f1fb000 	C:\WINDOWS\System32\bcryptPrimitives.dll
0x00007ffb68f70000 - 0x00007ffb68f98000 	C:\Program Files\Java\jdk-11.0.17\bin\java.dll
0x00007ffb85780000 - 0x00007ffb8578a000 	C:\Program Files\Java\jdk-11.0.17\bin\jimage.dll
0x00007ffb68680000 - 0x00007ffb68696000 	C:\Program Files\Java\jdk-11.0.17\bin\zip.dll

dbghelp: loaded successfully - version: 4.0.5 - missing functions: none
symbol engine: initialized successfully - sym options: 0x614 - pdb path: .;C:\Program Files\Java\jdk-11.0.17\bin;C:\WINDOWS\SYSTEM32;C:\WINDOWS\WinSxS\amd64_microsoft.windows.common-controls_6595b64144ccf1df_6.0.22621.608_none_a9444ca7c10bb01d;C:\Program Files\Java\jdk-11.0.17\bin\server

VM Arguments:
jvm_args: -Dfile.encoding=UTF-8 --module-path=C:\Users\BHUPENDRA SINGH\Documents\NetBeansProjects\ChattingApplication\build\classes 
java_command: chattingapplication.Server
java_class_path (initial): C:\Users\BHUPENDRA SINGH\Documents\NetBeansProjects\ChattingApplication\build\classes
Launcher Type: SUN_STANDARD

[Global flags]
     intx CICompilerCount                          = 4                                         {product} {ergonomic}
     uint ConcGCThreads                            = 2                                         {product} {ergonomic}
     uint G1ConcRefinementThreads                  = 8                                         {product} {ergonomic}
   size_t G1HeapRegionSize                         = 1048576                                   {product} {ergonomic}
    uintx GCDrainStackTargetSize                   = 64                                        {product} {ergonomic}
   size_t InitialHeapSize                          = 100663296                                 {product} {ergonomic}
   size_t MarkStackSize                            = 4194304                                   {product} {ergonomic}
   size_t MaxHeapSize                              = 1581252608                                {product} {ergonomic}
   size_t MinHeapDeltaBytes                        = 1048576                                   {product} {ergonomic}
    uintx NonNMethodCodeHeapSize                   = 5836300                                {pd product} {ergonomic}
    uintx NonProfiledCodeHeapSize                  = 122910970                              {pd product} {ergonomic}
    uintx ProfiledCodeHeapSize                     = 122910970                              {pd product} {ergonomic}
    uintx ReservedCodeCacheSize                    = 251658240                              {pd product} {ergonomic}
     bool SegmentedCodeCache                       = true                                      {product} {ergonomic}
     bool UseCompressedClassPointers               = true                                 {lp64_product} {ergonomic}
     bool UseCompressedOops                        = true                                 {lp64_product} {ergonomic}
     bool UseG1GC                                  = true                                      {product} {ergonomic}
     bool UseLargePagesIndividualAllocation        = false                                  {pd product} {ergonomic}

Logging:
Log output configuration:
 #0: stdout all=warning uptime,level,tags
 #1: stderr all=off uptime,level,tags

Environment Variables:
PATH=C:\Program Files\Common Files\Oracle\Java\javapath;D:\VM\bin\;C:\WINDOWS\system32;C:\WINDOWS;C:\WINDOWS\System32\Wbem;C:\WINDOWS\System32\WindowsPowerShell\v1.0\;C:\WINDOWS\System32\OpenSSH\;D:\Git\cmd;C:\Program Files (x86)\Microsoft SQL Server\160\Tools\Binn\;C:\Program Files\Microsoft SQL Server\160\Tools\Binn\;C:\Program Files\Microsoft SQL Server\Client SDK\ODBC\170\Tools\Binn\;C:\Program Files\Microsoft SQL Server\160\DTS\Binn\;C:\Program Files (x86)\Microsoft SQL Server\160\DTS\Binn\;C:\Program Files\Azure Data Studio\bin;C:\Program Files\MySQL\MySQL Shell 8.0\bin\;C:\Users\BHUPENDRA SINGH\AppData\Local\Microsoft\WindowsApps;C:\Users\BHUPENDRA SINGH\AppData\Local\atom\bin;C:\Program Files\JetBrains\IntelliJ IDEA Community Edition 2022.3.1\bin;D:\flutter\flutter\bin;C:\Program Files\Java\jdk-11.0.17\bin;D:\gradle-2.8\bin;C:\MinGW\bin;;C:\Users\BHUPENDRA SINGH\AppData\Local\Programs\Microsoft VS Code\bin;C:\Program Files\Azure Data Studio\bin
USERNAME=BHUPENDRA SINGH
OS=Windows_NT
PROCESSOR_IDENTIFIER=AMD64 Family 23 Model 24 Stepping 1, AuthenticAMD



---------------  S Y S T E M  ---------------

OS: Windows 11 , 64 bit Build 22621 (10.0.22621.1485)
Hyper-V role detected

CPU:total 8 (initial active 8) (8 cores per cpu, 2 threads per core) family 23 model 24 stepping 1 microcode 0x0, cmov, cx8, fxsr, mmx, sse, sse2, sse3, ssse3, sse4.1, sse4.2, popcnt, avx, avx2, aes, clmul, mmxext, 3dnowpref, lzcnt, sse4a, ht, tsc, tscinvbit, tscinv, bmi1, bmi2, adx, s

Memory: 4k page, system-wide physical 6030M (258M free)
TotalPageFile size 24432M (AvailPageFile size 49M)
current process WorkingSet (physical memory assigned to process): 10M, peak: 10M
current process commit charge ("private bytes"): 60M, peak: 155M

vm_info: Java HotSpot(TM) 64-Bit Server VM (11.0.17+10-LTS-269) for windows-amd64 JRE (11.0.17+10-LTS-269), built on Sep 13 2022 19:26:37 by "mach5one" with MS VC++ 15.9 (VS2017)

END.
